<?xml version="1.0" encoding="UTF-8"?>
<testsuite xmlns:xsi="http://www.w3.org/2001/XMLSchema-instance" xsi:noNamespaceSchemaLocation="https://maven.apache.org/surefire/maven-surefire-plugin/xsd/surefire-test-report-3.0.xsd" version="3.0" name="com.infy.WeCare.WeCareApplicationTests" time="3.555" tests="1" errors="0" skipped="0" failures="0">
  <properties>
[...]
</properties>
  <testcase name="contextLoads" classname="com.infy.WeCare.WeCareApplicationTests" time="0.388">
    <system-out><![CDATA[08:02:28.430 [main] INFO org.springframework.test.context.support.AnnotationConfigContextLoaderUtils -- Could not detect default configuration classes for test class [com.infy.WeCare.WeCareApplicationTests]: WeCareApplicationTests does not declare any static, non-private, non-final, nested classes annotated with @Configuration.
08:02:28.470 [main] INFO org.springframework.boot.test.context.SpringBootTestContextBootstrapper -- Found @SpringBootConfiguration com.infy.WeCare.WeCareApplication for test class com.infy.WeCare.WeCareApplicationTests
08:02:28.530 [main] INFO org.springframework.boot.devtools.restart.RestartApplicationListener -- Restart disabled due to context in which it is running

  .   ____          _            __ _ _
 /\\ / ___'_ __ _ _(_)_ __  __ _ \ \ \ \
( ( )\___ | '_ | '_| | '_ \/ _` | \ \ \ \
 \\/  ___)| |_)| | | | | || (_| |  ) ) ) )
  '  |____| .__|_| |_|_| |_\__, | / / / /
 =========|_|==============|___/=/_/_/_/
 :: Spring Boot ::                (v3.2.3)

2024-03-08T08:02:28.640+05:30  INFO 48925 --- [           main] com.infy.WeCare.WeCareApplicationTests   : Starting WeCareApplicationTests using Java 17.0.6 with PID 48925 (started by vivekkumargautam in /Users/vivekkumargautam/we-care/WeCare)
2024-03-08T08:02:28.641+05:30  INFO 48925 --- [           main] com.infy.WeCare.WeCareApplicationTests   : No active profile set, falling back to 1 default profile: "default"
2024-03-08T08:02:28.896+05:30  INFO 48925 --- [           main] .s.d.r.c.RepositoryConfigurationDelegate : Bootstrapping Spring Data JPA repositories in DEFAULT mode.
2024-03-08T08:02:28.919+05:30  INFO 48925 --- [           main] .s.d.r.c.RepositoryConfigurationDelegate : Finished Spring Data repository scanning in 20 ms. Found 1 JPA repository interface.
2024-03-08T08:02:29.090+05:30  INFO 48925 --- [           main] com.zaxxer.hikari.HikariDataSource       : HikariPool-1 - Starting...
2024-03-08T08:02:30.411+05:30  INFO 48925 --- [           main] com.zaxxer.hikari.pool.HikariPool        : HikariPool-1 - Added connection com.mysql.cj.jdbc.ConnectionImpl@682e422c
2024-03-08T08:02:30.414+05:30  INFO 48925 --- [           main] com.zaxxer.hikari.HikariDataSource       : HikariPool-1 - Start completed.
2024-03-08T08:02:30.453+05:30  INFO 48925 --- [           main] o.hibernate.jpa.internal.util.LogHelper  : HHH000204: Processing PersistenceUnitInfo [name: default]
2024-03-08T08:02:30.486+05:30  INFO 48925 --- [           main] org.hibernate.Version                    : HHH000412: Hibernate ORM core version 6.4.4.Final
2024-03-08T08:02:30.502+05:30  INFO 48925 --- [           main] o.h.c.internal.RegionFactoryInitiator    : HHH000026: Second-level cache disabled
2024-03-08T08:02:30.606+05:30  INFO 48925 --- [           main] o.s.o.j.p.SpringPersistenceUnitInfo      : No LoadTimeWeaver setup: ignoring JPA class transformer
2024-03-08T08:02:31.183+05:30  INFO 48925 --- [           main] o.h.e.t.j.p.i.JtaPlatformInitiator       : HHH000489: No JTA platform available (set 'hibernate.transaction.jta.platform' to enable JTA platform integration)
2024-03-08T08:02:31.184+05:30  INFO 48925 --- [           main] j.LocalContainerEntityManagerFactoryBean : Initialized JPA EntityManagerFactory for persistence unit 'default'
2024-03-08T08:02:31.341+05:30  WARN 48925 --- [           main] JpaBaseConfiguration$JpaWebConfiguration : spring.jpa.open-in-view is enabled by default. Therefore, database queries may be performed during view rendering. Explicitly configure spring.jpa.open-in-view to disable this warning
2024-03-08T08:02:31.514+05:30  INFO 48925 --- [           main] com.infy.WeCare.WeCareApplicationTests   : Started WeCareApplicationTests in 2.99 seconds (process running for 3.414)
]]></system-out>
  </testcase>
</testsuite>